# JRE version: Java(TM) SE Runtime Environment (17.0.8+9) (build 17.0.8+9-LTS-211)
# Java VM: Java HotSpot(TM) 64-Bit Server VM (17.0.8+9-LTS-211, mixed mode, sharing, tiered, compressed oops, compressed class ptrs, g1 gc, bsd-aarch64)
GC Precious Log:
 CPUs: 12 total, 12 available
 Memory: 32768M
 Large Page Support: Disabled
 NUMA Support: Disabled
 Compressed Oops: Enabled (Zero based)
 Heap Region Size: 32M
 Heap Min Capacity: 32M
 Heap Initial Capacity: 512M
 Heap Max Capacity: 8G
 Pre-touch: Disabled
 Parallel Workers: 10
 Concurrent Workers: 3
 Concurrent Refinement Workers: 10
 Periodic GC: Disabled
Heap:
 garbage-first heap   total 2883584K, used 1967768K [0x0000000600000000, 0x0000000800000000)
  region size 32768K, 24 young (786432K), 2 survivors (65536K)
 Metaspace       used 106769K, committed 107904K, reserved 1179648K
  class space    used 15161K, committed 15680K, reserved 1048576K
GC Heap History (20 events):
Event: 19.809 GC heap before
{Heap before GC invocations=36 (full 0):
 garbage-first heap   total 2883584K, used 1436335K [0x0000000600000000, 0x0000000800000000)
  region size 32768K, 17 young (557056K), 1 survivors (32768K)
 Metaspace       used 91310K, committed 92288K, reserved 1179648K
  class space    used 13230K, committed 13696K, reserved 1048576K
}
Event: 19.823 GC heap after
{Heap after GC invocations=37 (full 0):
 garbage-first heap   total 2883584K, used 957869K [0x0000000600000000, 0x0000000800000000)
  region size 32768K, 3 young (98304K), 3 survivors (98304K)
 Metaspace       used 91310K, committed 92288K, reserved 1179648K
  class space    used 13230K, committed 13696K, reserved 1048576K
}
Event: 20.491 GC heap before
{Heap before GC invocations=37 (full 0):
 garbage-first heap   total 2883584K, used 1383853K [0x0000000600000000, 0x0000000800000000)
  region size 32768K, 17 young (557056K), 3 survivors (98304K)
 Metaspace       used 100050K, committed 101120K, reserved 1179648K
  class space    used 14474K, committed 14976K, reserved 1048576K
}
Event: 20.525 GC heap after
{Heap after GC invocations=38 (full 0):
 garbage-first heap   total 2883584K, used 956282K [0x0000000600000000, 0x0000000800000000)
  region size 32768K, 3 young (98304K), 3 survivors (98304K)
 Metaspace       used 100050K, committed 101120K, reserved 1179648K
  class space    used 14474K, committed 14976K, reserved 1048576K
}
Event: 20.751 GC heap before
{Heap before GC invocations=38 (full 0):
 garbage-first heap   total 2883584K, used 1546106K [0x0000000600000000, 0x0000000800000000)
  region size 32768K, 21 young (688128K), 3 survivors (98304K)
 Metaspace       used 101826K, committed 102912K, reserved 1179648K
  class space    used 14742K, committed 15232K, reserved 1048576K
}
Event: 20.784 GC heap after
{Heap after GC invocations=39 (full 0):
 garbage-first heap   total 2883584K, used 1080957K [0x0000000600000000, 0x0000000800000000)
  region size 32768K, 3 young (98304K), 3 survivors (98304K)
 Metaspace       used 101826K, committed 102912K, reserved 1179648K
  class space    used 14742K, committed 15232K, reserved 1048576K
}
Event: 21.029 GC heap before
{Heap before GC invocations=39 (full 0):
 garbage-first heap   total 2883584K, used 1539709K [0x0000000600000000, 0x0000000800000000)
  region size 32768K, 17 young (557056K), 3 survivors (98304K)
 Metaspace       used 102228K, committed 103296K, reserved 1179648K
  class space    used 14773K, committed 15232K, reserved 1048576K
}
Event: 21.044 GC heap after
{Heap after GC invocations=40 (full 0):
 garbage-first heap   total 2883584K, used 1100286K [0x0000000600000000, 0x0000000800000000)
  region size 32768K, 2 young (65536K), 2 survivors (65536K)
 Metaspace       used 102228K, committed 103296K, reserved 1179648K
  class space    used 14773K, committed 15232K, reserved 1048576K
}
Event: 21.741 GC heap before
{Heap before GC invocations=40 (full 0):
 garbage-first heap   total 2883584K, used 1722878K [0x0000000600000000, 0x0000000800000000)
  region size 32768K, 22 young (720896K), 2 survivors (65536K)
 Metaspace       used 104592K, committed 105728K, reserved 1179648K
  class space    used 15004K, committed 15488K, reserved 1048576K
}
Event: 21.747 GC heap after
{Heap after GC invocations=41 (full 0):
 garbage-first heap   total 2883584K, used 1125183K [0x0000000600000000, 0x0000000800000000)
  region size 32768K, 3 young (98304K), 3 survivors (98304K)
 Metaspace       used 104592K, committed 105728K, reserved 1179648K
  class space    used 15004K, committed 15488K, reserved 1048576K
}
Event: 22.225 GC heap before
{Heap before GC invocations=41 (full 0):
 garbage-first heap   total 2883584K, used 1911615K [0x0000000600000000, 0x0000000800000000)
  region size 32768K, 28 young (917504K), 3 survivors (98304K)
 Metaspace       used 104933K, committed 106048K, reserved 1179648K
  class space    used 15013K, committed 15488K, reserved 1048576K
}
Event: 22.240 GC heap after
{Heap after GC invocations=42 (full 0):
 garbage-first heap   total 2883584K, used 1184116K [0x0000000600000000, 0x0000000800000000)
  region size 32768K, 4 young (131072K), 4 survivors (131072K)
 Metaspace       used 104933K, committed 106048K, reserved 1179648K
  class space    used 15013K, committed 15488K, reserved 1048576K
}
Event: 22.767 GC heap before
{Heap before GC invocations=42 (full 0):
 garbage-first heap   total 2883584K, used 1937780K [0x0000000600000000, 0x0000000800000000)
  region size 32768K, 27 young (884736K), 4 survivors (131072K)
 Metaspace       used 105189K, committed 106304K, reserved 1179648K
  class space    used 15020K, committed 15552K, reserved 1048576K
}
Event: 22.780 GC heap after
{Heap after GC invocations=43 (full 0):
 garbage-first heap   total 2883584K, used 1217575K [0x0000000600000000, 0x0000000800000000)
  region size 32768K, 4 young (131072K), 4 survivors (131072K)
 Metaspace       used 105189K, committed 106304K, reserved 1179648K
  class space    used 15020K, committed 15552K, reserved 1048576K
}
Event: 23.172 GC heap before
{Heap before GC invocations=43 (full 0):
 garbage-first heap   total 2883584K, used 1971239K [0x0000000600000000, 0x0000000800000000)
  region size 32768K, 27 young (884736K), 4 survivors (131072K)
 Metaspace       used 105327K, committed 106432K, reserved 1179648K
  class space    used 15032K, committed 15552K, reserved 1048576K
}
Event: 23.185 GC heap after
{Heap after GC invocations=44 (full 0):
 garbage-first heap   total 2883584K, used 1282824K [0x0000000600000000, 0x0000000800000000)
  region size 32768K, 4 young (131072K), 4 survivors (131072K)
 Metaspace       used 105327K, committed 106432K, reserved 1179648K
  class space    used 15032K, committed 15552K, reserved 1048576K
}
Event: 23.683 GC heap before
{Heap before GC invocations=44 (full 0):
 garbage-first heap   total 2883584K, used 1970952K [0x0000000600000000, 0x0000000800000000)
  region size 32768K, 26 young (851968K), 4 survivors (131072K)
 Metaspace       used 105504K, committed 106624K, reserved 1179648K
  class space    used 15033K, committed 15552K, reserved 1048576K
}
Event: 23.692 GC heap after
{Heap after GC invocations=45 (full 0):
 garbage-first heap   total 2883584K, used 1279190K [0x0000000600000000, 0x0000000800000000)
  region size 32768K, 2 young (65536K), 2 survivors (65536K)
 Metaspace       used 105504K, committed 106624K, reserved 1179648K
  class space    used 15033K, committed 15552K, reserved 1048576K
}
Event: 27.634 GC heap before
{Heap before GC invocations=45 (full 0):
 garbage-first heap   total 2883584K, used 2032854K [0x0000000600000000, 0x0000000800000000)
  region size 32768K, 25 young (819200K), 2 survivors (65536K)
 Metaspace       used 106507K, committed 107648K, reserved 1179648K
  class space    used 15152K, committed 15680K, reserved 1048576K
}
Event: 27.640 GC heap after
{Heap after GC invocations=46 (full 0):
 garbage-first heap   total 2883584K, used 1279640K [0x0000000600000000, 0x0000000800000000)
  region size 32768K, 2 young (65536K), 2 survivors (65536K)
 Metaspace       used 106507K, committed 107648K, reserved 1179648K
  class space    used 15152K, committed 15680K, reserved 1048576K
}

